wear/build/outputs/logs/manifest-merger-release-report.txt
-- Merging decision tree log ---
manifest
ADDED from src/main/AndroidManifest.xml:2:1-52:12
	package
		ADDED from src/main/AndroidManifest.xml:3:11-59
		INJECTED from src/main/AndroidManifest.xml
		INJECTED from src/main/AndroidManifest.xml
	android:versionName
		INJECTED from src/main/AndroidManifest.xml
		INJECTED from src/main/AndroidManifest.xml
	xmlns:android
		ADDED from src/main/AndroidManifest.xml:2:11-69
	android:versionCode
		INJECTED from src/main/AndroidManifest.xml
		INJECTED from src/main/AndroidManifest.xml
uses-feature#android.hardware.type.watch
ADDED from src/main/AndroidManifest.xml:5:5-63
	android:name
		ADDED from src/main/AndroidManifest.xml:5:19-61
uses-permission#android.permission.WAKE_LOCK
ADDED from src/main/AndroidManifest.xml:8:5-67
	android:name
		ADDED from src/main/AndroidManifest.xml:8:22-65
application
ADDED from src/main/AndroidManifest.xml:10:5-50:19
MERGED from [com.google.android.support:wearable:1.4.0] AndroidManifest.xml:8:5-20
MERGED from [com.google.android.gms:play-services-wearable:8.4.0] AndroidManifest.xml:19:5-20
MERGED from [com.google.android.gms:play-services-basement:8.4.0] AndroidManifest.xml:20:5-24:19
MERGED from [com.android.support:support-v4:23.0.1] AndroidManifest.xml:22:5-20
	android:label
		ADDED from src/main/AndroidManifest.xml:14:9-41
	android:supportsRtl
		ADDED from src/main/AndroidManifest.xml:15:9-35
	android:allowBackup
		ADDED from src/main/AndroidManifest.xml:12:9-35
	android:icon
		ADDED from src/main/AndroidManifest.xml:13:9-36
	android:theme
		ADDED from src/main/AndroidManifest.xml:16:9-59
	android:name
		ADDED from src/main/AndroidManifest.xml:11:9-76
service#net.furusin.www.SelectedPhotoWatchFace.MyWatchFace
ADDED from src/main/AndroidManifest.xml:17:9-49:19
	android:label
		ADDED from src/main/AndroidManifest.xml:19:13-45
	android:permission
		ADDED from src/main/AndroidManifest.xml:20:13-67
	android:name
		ADDED from src/main/AndroidManifest.xml:18:13-78
meta-data#android.service.wallpaper
ADDED from src/main/AndroidManifest.xml:21:13-23:53
	android:resource
		ADDED from src/main/AndroidManifest.xml:23:17-51
	android:name
		ADDED from src/main/AndroidManifest.xml:22:17-57
meta-data#com.google.android.wearable.watchface.preview
ADDED from src/main/AndroidManifest.xml:24:13-26:54
	android:resource
		ADDED from src/main/AndroidManifest.xml:26:17-52
	android:name
		ADDED from src/main/AndroidManifest.xml:25:17-77
meta-data#com.google.android.wearable.watchface.preview_circular
ADDED from src/main/AndroidManifest.xml:27:13-29:54
	android:resource
		ADDED from src/main/AndroidManifest.xml:29:17-52
	android:name
		ADDED from src/main/AndroidManifest.xml:28:17-86
meta-data#com.google.android.gms.version
ADDED from src/main/AndroidManifest.xml:30:13-32:72
	android:value
		ADDED from src/main/AndroidManifest.xml:32:17-70
	android:name
		ADDED from src/main/AndroidManifest.xml:31:17-62
meta-data#com.google.android.wearable.watchface.wearableConfigurationAction
ADDED from src/main/AndroidManifest.xml:34:13-36:88
	android:value
		ADDED from src/main/AndroidManifest.xml:36:17-86
	android:name
		ADDED from src/main/AndroidManifest.xml:35:17-97
intent-filter#android.service.wallpaper.WallpaperService+com.google.android.gms.wearable.DATA_CHANGED+com.google.android.gms.wearable.MESSAGE_RECEIVED+com.google.android.wearable.watchface.category.WATCH_FACE+com.google.android.wearable.watchface.category.WEARABLE_CONFIGURATION
ADDED from src/main/AndroidManifest.xml:39:13-48:29
action#android.service.wallpaper.WallpaperService
ADDED from src/main/AndroidManifest.xml:40:17-84
	android:name
		ADDED from src/main/AndroidManifest.xml:40:25-82
action#com.google.android.gms.wearable.MESSAGE_RECEIVED
ADDED from src/main/AndroidManifest.xml:41:17-90
	android:name
		ADDED from src/main/AndroidManifest.xml:41:25-88
action#com.google.android.gms.wearable.DATA_CHANGED
ADDED from src/main/AndroidManifest.xml:42:17-86
	android:name
		ADDED from src/main/AndroidManifest.xml:42:25-84
category#com.google.android.wearable.watchface.category.WEARABLE_CONFIGURATION
ADDED from src/main/AndroidManifest.xml:44:17-45:104
	android:name
		ADDED from src/main/AndroidManifest.xml:44:27-142
category#com.google.android.wearable.watchface.category.WATCH_FACE
ADDED from src/main/AndroidManifest.xml:47:17-101
	android:name
		ADDED from src/main/AndroidManifest.xml:47:27-99
uses-sdk
INJECTED from src/main/AndroidManifest.xml reason: use-sdk injection requested
MERGED from [com.google.android.support:wearable:1.4.0] AndroidManifest.xml:4:5-6:41
MERGED from [com.android.support:recyclerview-v7:23.0.1] AndroidManifest.xml:20:5-43
MERGED from [com.google.android.gms:play-services-wearable:8.4.0] AndroidManifest.xml:18:5-42
MERGED from [com.google.android.gms:play-services-base:8.4.0] AndroidManifest.xml:18:5-42
MERGED from [com.google.android.gms:play-services-basement:8.4.0] AndroidManifest.xml:18:5-42
MERGED from [com.android.support:support-v4:23.0.1] AndroidManifest.xml:20:5-43
	android:targetSdkVersion
		INJECTED from src/main/AndroidManifest.xml
		INJECTED from src/main/AndroidManifest.xml
	android:minSdkVersion
		INJECTED from src/main/AndroidManifest.xml
		INJECTED from src/main/AndroidManifest.xml